<?xml version="1.0" encoding="UTF-8" ?>
<testsuite tests="5" failures="0" name="dao.VendingDaoImplTest" time="0.036" errors="0" skipped="0">
  <properties>
[...]
</properties>
  <testcase classname="dao.VendingDaoImplTest" name="dao.VendingDaoImplTest.testGetAll" time="0.015"/>
  <testcase classname="dao.VendingDaoImplTest" name="dao.VendingDaoImplTest.testRemoveCount" time="0.017"/>
  <testcase classname="dao.VendingDaoImplTest" name="dao.VendingDaoImplTest.testGetStockAmount" time="0"/>
  <testcase classname="dao.VendingDaoImplTest" name="dao.VendingDaoImplTest.testGetAvailable" time="0.003"/>
  <testcase classname="dao.VendingDaoImplTest" name="dao.VendingDaoImplTest.testGetItem" time="0.001"/>
</testsuite>